<?xml version="1.0" encoding="utf-8"?><testsuites name="pytest tests"><testsuite name="pytest" errors="0" failures="1" skipped="0" tests="13" time="32.373" timestamp="2026-03-07T13:42:24.116351+00:00" hostname="agent-env-d6b2cabd-5605-4580-8ce5-49548d688ead"><testcase classname="test_backend_api.TestHealthAndDashboard" name="test_dashboard_loads" time="0.207" /><testcase classname="test_backend_api.TestHealthAndDashboard" name="test_dashboard_countdown" time="0.100" /><testcase classname="test_backend_api.TestProfile" name="test_get_profile" time="0.098" /><testcase classname="test_backend_api.TestTrainingPlan" name="test_get_training_plan" time="0.103" /><testcase classname="test_backend_api.TestTrainingPlan" name="test_get_current_week" time="0.117" /><testcase classname="test_backend_api.TestTrainingPlan" name="test_toggle_session_complete" time="0.490" /><testcase classname="test_backend_api.TestRuns" name="test_get_runs_list" time="0.106" /><testcase classname="test_backend_api.TestRuns" name="test_create_run_and_verify" time="0.257" /><testcase classname="test_backend_api.TestRuns" name="test_get_single_run" time="0.202" /><testcase classname="test_backend_api.TestSupplementsAndExercises" name="test_get_supplements" time="0.102" /><testcase classname="test_backend_api.TestSupplementsAndExercises" name="test_get_exercises" time="0.102" /><testcase classname="test_backend_api.TestTests" name="test_get_tests" time="0.108" /><testcase classname="test_backend_api.TestAIAnalysis" name="test_ai_analyze_run" time="30.203"><failure message="requests.exceptions.ReadTimeout: HTTPSConnectionPool(host='mezzofondo-training.preview.emergentagent.com', port=443): Read timed out. (read timeout=30)">/root/.venv/lib/python3.11/site-packages/urllib3/connectionpool.py:534: in _make_request
    response = conn.getresponse()
               ^^^^^^^^^^^^^^^^^^
/root/.venv/lib/python3.11/site-packages/urllib3/connection.py:571: in getresponse
    httplib_response = super().getresponse()
                       ^^^^^^^^^^^^^^^^^^^^^
/usr/local/lib/python3.11/http/client.py:1395: in getresponse
    response.begin()
/usr/local/lib/python3.11/http/client.py:325: in begin
    version, status, reason = self._read_status()
                              ^^^^^^^^^^^^^^^^^^^
/usr/local/lib/python3.11/http/client.py:286: in _read_status
    line = str(self.fp.readline(_MAXLINE + 1), "iso-8859-1")
               ^^^^^^^^^^^^^^^^^^^^^^^^^^^^^^
/usr/local/lib/python3.11/socket.py:718: in readinto
    return self._sock.recv_into(b)
           ^^^^^^^^^^^^^^^^^^^^^^^
/usr/local/lib/python3.11/ssl.py:1314: in recv_into
    return self.read(nbytes, buffer)
           ^^^^^^^^^^^^^^^^^^^^^^^^^
/usr/local/lib/python3.11/ssl.py:1166: in read
    return self._sslobj.read(len, buffer)
           ^^^^^^^^^^^^^^^^^^^^^^^^^^^^^^
E   TimeoutError: The read operation timed out

The above exception was the direct cause of the following exception:
/root/.venv/lib/python3.11/site-packages/requests/adapters.py:644: in send
    resp = conn.urlopen(
/root/.venv/lib/python3.11/site-packages/urllib3/connectionpool.py:841: in urlopen
    retries = retries.increment(
/root/.venv/lib/python3.11/site-packages/urllib3/util/retry.py:490: in increment
    raise reraise(type(error), error, _stacktrace)
          ^^^^^^^^^^^^^^^^^^^^^^^^^^^^^^^^^^^^^^^^
/root/.venv/lib/python3.11/site-packages/urllib3/util/util.py:39: in reraise
    raise value
/root/.venv/lib/python3.11/site-packages/urllib3/connectionpool.py:787: in urlopen
    response = self._make_request(
/root/.venv/lib/python3.11/site-packages/urllib3/connectionpool.py:536: in _make_request
    self._raise_timeout(err=e, url=url, timeout_value=read_timeout)
/root/.venv/lib/python3.11/site-packages/urllib3/connectionpool.py:367: in _raise_timeout
    raise ReadTimeoutError(
E   urllib3.exceptions.ReadTimeoutError: HTTPSConnectionPool(host='mezzofondo-training.preview.emergentagent.com', port=443): Read timed out. (read timeout=30)

During handling of the above exception, another exception occurred:
test_backend_api.py:293: in test_ai_analyze_run
    response = requests.post(
/root/.venv/lib/python3.11/site-packages/requests/api.py:115: in post
    return request("post", url, data=data, json=json, **kwargs)
           ^^^^^^^^^^^^^^^^^^^^^^^^^^^^^^^^^^^^^^^^^^^^^^^^^^^^
/root/.venv/lib/python3.11/site-packages/requests/api.py:59: in request
    return session.request(method=method, url=url, **kwargs)
           ^^^^^^^^^^^^^^^^^^^^^^^^^^^^^^^^^^^^^^^^^^^^^^^^^
/root/.venv/lib/python3.11/site-packages/requests/sessions.py:589: in request
    resp = self.send(prep, **send_kwargs)
           ^^^^^^^^^^^^^^^^^^^^^^^^^^^^^^
/root/.venv/lib/python3.11/site-packages/requests/sessions.py:703: in send
    r = adapter.send(request, **kwargs)
        ^^^^^^^^^^^^^^^^^^^^^^^^^^^^^^^
/root/.venv/lib/python3.11/site-packages/requests/adapters.py:690: in send
    raise ReadTimeout(e, request=request)
E   requests.exceptions.ReadTimeout: HTTPSConnectionPool(host='mezzofondo-training.preview.emergentagent.com', port=443): Read timed out. (read timeout=30)</failure></testcase></testsuite></testsuites>